[2025-06-07T06:59:47.166Z] [a58sqa55] Initializing Firebase

--------------------------------------------------------------------------------
[2025-06-07T06:59:47.167Z] [a58sqa55] Initializing Auth service

--------------------------------------------------------------------------------
[2025-06-07T06:59:47.168Z] [a58sqa55] Initializing Firestore

--------------------------------------------------------------------------------
[2025-06-07T06:59:47.169Z] [a58sqa55] Initializing Storage

--------------------------------------------------------------------------------
[2025-06-07T06:59:47.170Z] [a58sqa55] Firebase initialized successfully

--------------------------------------------------------------------------------
[2025-06-07T06:59:48.303Z] [ynrzztwg] Using existing Firebase instance

--------------------------------------------------------------------------------
[2025-06-07T08:39:21.631Z] [6uixzpha] Initializing Firebase

--------------------------------------------------------------------------------
[2025-06-07T08:39:21.634Z] [6uixzpha] Initializing Auth service

--------------------------------------------------------------------------------
[2025-06-07T08:39:21.635Z] [6uixzpha] Initializing Firestore

--------------------------------------------------------------------------------
[2025-06-07T08:39:21.637Z] [6uixzpha] Initializing Storage

--------------------------------------------------------------------------------
[2025-06-07T08:39:21.638Z] [6uixzpha] Connecting to emulators

--------------------------------------------------------------------------------
[2025-06-07T08:39:21.640Z] [6uixzpha] Connected to all emulators

--------------------------------------------------------------------------------
[2025-06-07T08:39:21.640Z] [6uixzpha] Firebase initialized successfully

--------------------------------------------------------------------------------
[2025-06-07T08:39:21.888Z] [wog533e1] Using existing Firebase instance

--------------------------------------------------------------------------------
[2025-06-07T08:40:13.570Z] [s0xgebn9] Using existing Firebase instance

--------------------------------------------------------------------------------
[2025-06-07T08:40:13.773Z] [ldyasjsl] Using existing Firebase instance

--------------------------------------------------------------------------------
[2025-06-07T08:40:35.624Z] [2m7v8kc7] Using existing Firebase instance

--------------------------------------------------------------------------------
[2025-06-07T08:40:35.767Z] [zs6xbi6q] Using existing Firebase instance

--------------------------------------------------------------------------------
[2025-06-07T08:42:14.877Z] [q2qyuvfb] Using existing Firebase instance

--------------------------------------------------------------------------------
[2025-06-07T08:42:15.043Z] [frrty7ru] Using existing Firebase instance

--------------------------------------------------------------------------------
[2025-06-07T08:42:46.151Z] [if9yfktl] Using existing Firebase instance

--------------------------------------------------------------------------------
[2025-06-07T08:42:52.721Z] [kz2xq03x] Using existing Firebase instance

--------------------------------------------------------------------------------
[2025-06-07T08:48:13.018Z] [jzyitzhu] Using existing Firebase instance

--------------------------------------------------------------------------------
[2025-06-07T08:48:13.452Z] [s28686vu] Using existing Firebase instance

--------------------------------------------------------------------------------
[2025-06-07T08:48:26.589Z] [e2mauqmc] Using existing Firebase instance

--------------------------------------------------------------------------------
[2025-06-07T08:48:46.810Z] [i5ow60dt] Initializing Firebase

--------------------------------------------------------------------------------
[2025-06-07T08:48:46.812Z] [i5ow60dt] Initializing Auth service

--------------------------------------------------------------------------------
[2025-06-07T08:48:46.815Z] [i5ow60dt] Initializing Firestore

--------------------------------------------------------------------------------
[2025-06-07T08:48:46.817Z] [i5ow60dt] Initializing Storage

--------------------------------------------------------------------------------
[2025-06-07T08:48:46.819Z] [i5ow60dt] Firebase initialized successfully

--------------------------------------------------------------------------------
[2025-06-07T08:49:18.913Z] [kxhjmyez] Using existing Firebase instance

--------------------------------------------------------------------------------
[2025-06-07T08:49:19.815Z] [2thazzqh] Using existing Firebase instance

--------------------------------------------------------------------------------
[2025-06-07T08:49:32.650Z] [4f66773m] Using existing Firebase instance

--------------------------------------------------------------------------------
[2025-06-07T08:49:33.557Z] [jufqmya6] Using existing Firebase instance

--------------------------------------------------------------------------------
[2025-06-07T08:51:20.621Z] [hxz8uzvk] Using existing Firebase instance

--------------------------------------------------------------------------------
[2025-06-07T08:51:21.575Z] [wsowvfol] Using existing Firebase instance

--------------------------------------------------------------------------------
[2025-06-07T08:51:32.474Z] [kx8zalsp] Using existing Firebase instance

--------------------------------------------------------------------------------
[2025-06-07T08:51:33.356Z] [y5cjiwod] Using existing Firebase instance

--------------------------------------------------------------------------------
[2025-06-07T08:58:30.015Z] [zrhxl07h] Using existing Firebase instance

--------------------------------------------------------------------------------
[2025-06-07T08:58:31.094Z] [ad6v9v5t] Using existing Firebase instance

--------------------------------------------------------------------------------
[2025-06-07T08:59:24.130Z] [rh5r5ymk] Using existing Firebase instance

--------------------------------------------------------------------------------
[2025-06-07T08:59:25.043Z] [39mm1kdv] Using existing Firebase instance

--------------------------------------------------------------------------------
[2025-06-07T08:59:32.737Z] [cx4vh9as] Using existing Firebase instance

--------------------------------------------------------------------------------
[2025-06-07T08:59:33.627Z] [flgf3znd] Using existing Firebase instance

--------------------------------------------------------------------------------
[2025-06-07T09:00:43.356Z] [ehqsap3y] Using existing Firebase instance

--------------------------------------------------------------------------------
[2025-06-07T09:00:44.370Z] [8xizalu2] Using existing Firebase instance

--------------------------------------------------------------------------------
[2025-06-07T09:02:49.411Z] [k1o9bi67] Using existing Firebase instance

--------------------------------------------------------------------------------
[2025-06-07T09:02:50.392Z] [u9iy99nj] Using existing Firebase instance

--------------------------------------------------------------------------------
[2025-06-07T09:03:01.157Z] [9histvyg] Using existing Firebase instance

--------------------------------------------------------------------------------
[2025-06-07T09:03:02.235Z] [0kr7m442] Using existing Firebase instance

--------------------------------------------------------------------------------
[2025-06-07T09:03:13.783Z] [edy9iqlj] Using existing Firebase instance

--------------------------------------------------------------------------------
[2025-06-07T09:03:14.948Z] [k0oe6r1h] Using existing Firebase instance

--------------------------------------------------------------------------------
[2025-06-07T09:03:23.061Z] [79x966hp] Using existing Firebase instance

--------------------------------------------------------------------------------
[2025-06-07T09:03:24.192Z] [coilqkn2] Using existing Firebase instance

--------------------------------------------------------------------------------
[2025-06-07T09:03:33.322Z] [vyne0lu3] Using existing Firebase instance

--------------------------------------------------------------------------------
[2025-06-07T09:03:34.433Z] [27id716c] Using existing Firebase instance

--------------------------------------------------------------------------------
[2025-06-07T09:29:12.988Z] [o8em1mn4] Initializing Firebase

--------------------------------------------------------------------------------
[2025-06-07T09:29:12.990Z] [o8em1mn4] Initializing Auth service

--------------------------------------------------------------------------------
[2025-06-07T09:29:12.992Z] [o8em1mn4] Initializing Firestore

--------------------------------------------------------------------------------
[2025-06-07T09:29:12.994Z] [o8em1mn4] Initializing Storage

--------------------------------------------------------------------------------
[2025-06-07T09:29:12.995Z] [o8em1mn4] Connecting to emulators

--------------------------------------------------------------------------------
[2025-06-07T09:29:12.996Z] [o8em1mn4] Connected to all emulators

--------------------------------------------------------------------------------
[2025-06-07T09:29:12.997Z] [o8em1mn4] Firebase initialized successfully

--------------------------------------------------------------------------------
[2025-06-07T09:29:13.281Z] [7vkrt4nr] Using existing Firebase instance

--------------------------------------------------------------------------------
[2025-06-07T09:30:42.460Z] [az8dtkok] Using existing Firebase instance

--------------------------------------------------------------------------------
[2025-06-07T09:30:42.637Z] [6dxprqyx] Using existing Firebase instance

--------------------------------------------------------------------------------
[2025-06-07T09:30:50.372Z] [qyg1uyia] Using existing Firebase instance

--------------------------------------------------------------------------------
[2025-06-07T09:30:59.210Z] [eb8kpn5r] Using existing Firebase instance

--------------------------------------------------------------------------------
[2025-06-07T09:31:26.168Z] [36tad7xe] Using existing Firebase instance

--------------------------------------------------------------------------------
[2025-06-07T09:31:35.051Z] [ciynxanu] Using existing Firebase instance

--------------------------------------------------------------------------------
[2025-06-07T09:33:46.054Z] [xc7h1crf] Using existing Firebase instance

--------------------------------------------------------------------------------
[2025-06-07T09:33:46.214Z] [ziag4r5f] Using existing Firebase instance

--------------------------------------------------------------------------------
[2025-06-07T09:34:06.919Z] [jizbc7sw] Using existing Firebase instance

--------------------------------------------------------------------------------
[2025-06-07T09:34:15.997Z] [64ve35k2] Using existing Firebase instance

--------------------------------------------------------------------------------
[2025-06-07T09:34:20.048Z] [gwqewze4] Using existing Firebase instance

--------------------------------------------------------------------------------
[2025-06-07T09:34:22.141Z] [l4d0k4th] Using existing Firebase instance

--------------------------------------------------------------------------------
[2025-06-07T09:34:39.359Z] [wjfvkb8j] Using existing Firebase instance

--------------------------------------------------------------------------------
[2025-06-07T09:35:45.311Z] [vq5n7aoh] Using existing Firebase instance

--------------------------------------------------------------------------------
[2025-06-07T09:35:59.193Z] [qqju05mf] Using existing Firebase instance

--------------------------------------------------------------------------------
[2025-06-07T09:36:09.368Z] [u7ilmol9] Using existing Firebase instance

--------------------------------------------------------------------------------
[2025-06-07T10:02:16.553Z] [bibel3ce] Initializing Firebase

--------------------------------------------------------------------------------
[2025-06-07T10:02:16.556Z] [bibel3ce] Initializing Auth service

--------------------------------------------------------------------------------
[2025-06-07T10:02:16.558Z] [bibel3ce] Initializing Firestore

--------------------------------------------------------------------------------
[2025-06-07T10:02:16.560Z] [bibel3ce] Initializing Storage

--------------------------------------------------------------------------------
[2025-06-07T10:02:16.562Z] [bibel3ce] Firebase initialized successfully

--------------------------------------------------------------------------------
[2025-06-07T10:02:17.706Z] [8spwzqz9] Using existing Firebase instance

--------------------------------------------------------------------------------
[2025-06-07T10:03:30.879Z] [r9hcpwsq] Using existing Firebase instance

--------------------------------------------------------------------------------
[2025-06-07T10:03:31.867Z] [lcad63m2] Using existing Firebase instance

--------------------------------------------------------------------------------
[2025-06-07T10:03:56.712Z] [yps6lbmi] Using existing Firebase instance

--------------------------------------------------------------------------------
[2025-06-07T10:03:57.603Z] [jdnsx2j9] Using existing Firebase instance

--------------------------------------------------------------------------------
[2025-06-07T10:05:02.862Z] [5y8yg21x] Using existing Firebase instance

--------------------------------------------------------------------------------
[2025-06-07T10:05:03.901Z] [t6gx8rez] Using existing Firebase instance

--------------------------------------------------------------------------------
[2025-06-07T10:05:26.782Z] [y2s96swy] Using existing Firebase instance

--------------------------------------------------------------------------------
[2025-06-07T10:05:27.678Z] [rybapbyi] Using existing Firebase instance

--------------------------------------------------------------------------------
[2025-06-07T10:08:44.729Z] [2x516tbi] Using existing Firebase instance

--------------------------------------------------------------------------------
[2025-06-07T10:08:45.811Z] [h4hrwwu0] Using existing Firebase instance

--------------------------------------------------------------------------------
[2025-06-07T10:11:07.761Z] [ixg6o0ur] Using existing Firebase instance

--------------------------------------------------------------------------------
[2025-06-07T10:11:08.769Z] [88vdwiga] Using existing Firebase instance

--------------------------------------------------------------------------------
[2025-06-07T10:11:19.255Z] [izdv7mj1] Using existing Firebase instance

--------------------------------------------------------------------------------
[2025-06-07T10:11:20.360Z] [bm6a9yw3] Using existing Firebase instance

--------------------------------------------------------------------------------
[2025-06-07T10:12:11.584Z] [ejnmhtts] Using existing Firebase instance

--------------------------------------------------------------------------------
[2025-06-07T10:12:12.673Z] [6borgcx4] Using existing Firebase instance

--------------------------------------------------------------------------------
[2025-06-07T10:12:21.769Z] [mv0tsx47] Using existing Firebase instance

--------------------------------------------------------------------------------
[2025-06-07T10:12:22.863Z] [pw9q8q53] Using existing Firebase instance

--------------------------------------------------------------------------------
[2025-06-07T10:12:52.594Z] [fu5ss586] Using existing Firebase instance

--------------------------------------------------------------------------------
[2025-06-07T10:12:53.700Z] [0dh1cqsj] Using existing Firebase instance

--------------------------------------------------------------------------------
[2025-06-07T10:13:19.629Z] [m521sc95] Using existing Firebase instance

--------------------------------------------------------------------------------
[2025-06-07T10:13:20.569Z] [7fp6vpl9] Using existing Firebase instance

--------------------------------------------------------------------------------
[2025-06-07T10:13:35.631Z] [wo93rtg4] Using existing Firebase instance

--------------------------------------------------------------------------------
[2025-06-07T10:13:36.812Z] [ktg0w12k] Using existing Firebase instance

--------------------------------------------------------------------------------
[2025-06-07T10:14:28.123Z] [sy7xjn1b] Using existing Firebase instance

--------------------------------------------------------------------------------
[2025-06-07T10:14:29.241Z] [lw5z9csk] Using existing Firebase instance

--------------------------------------------------------------------------------
[2025-06-07T10:18:51.108Z] [g2fdujjr] Using existing Firebase instance

--------------------------------------------------------------------------------
[2025-06-07T10:18:52.381Z] [jypbmh5c] Using existing Firebase instance

--------------------------------------------------------------------------------
[2025-06-07T10:24:17.939Z] [kjrzvbz0] Using existing Firebase instance

--------------------------------------------------------------------------------
[2025-06-07T10:24:18.971Z] [rz8u98hm] Using existing Firebase instance

--------------------------------------------------------------------------------
[2025-06-07T10:27:53.604Z] [kl1wnbd2] Using existing Firebase instance

--------------------------------------------------------------------------------
[2025-06-07T10:27:54.739Z] [ygs0n5z1] Using existing Firebase instance

--------------------------------------------------------------------------------
[2025-06-07T10:28:16.331Z] [3zbwpkkd] Using existing Firebase instance

--------------------------------------------------------------------------------
[2025-06-07T10:28:17.240Z] [z3s0o2o4] Using existing Firebase instance

--------------------------------------------------------------------------------
[2025-06-07T10:30:18.391Z] [797291nk] Using existing Firebase instance

--------------------------------------------------------------------------------
[2025-06-07T10:30:19.367Z] [fkcdzsz8] Using existing Firebase instance

--------------------------------------------------------------------------------
[2025-06-07T10:30:20.261Z] [6ixky74z] Using existing Firebase instance

--------------------------------------------------------------------------------
[2025-06-07T10:30:21.154Z] [e6rrjaf1] Using existing Firebase instance

--------------------------------------------------------------------------------
[2025-06-07T10:30:55.556Z] [joqsr1v8] Using existing Firebase instance

--------------------------------------------------------------------------------
[2025-06-07T10:30:57.729Z] [5qaj7vii] Using existing Firebase instance

--------------------------------------------------------------------------------
[2025-06-07T10:30:58.654Z] [hgq88ov4] Using existing Firebase instance

--------------------------------------------------------------------------------
[2025-06-07T10:31:10.681Z] [tooqb3rn] Using existing Firebase instance

--------------------------------------------------------------------------------
[2025-06-07T10:31:11.635Z] [18g8mksb] Using existing Firebase instance

--------------------------------------------------------------------------------
[2025-06-07T10:31:21.625Z] [jrth3u5h] Using existing Firebase instance

--------------------------------------------------------------------------------
[2025-06-07T10:31:22.549Z] [5x53yvo2] Using existing Firebase instance

--------------------------------------------------------------------------------
[2025-06-07T10:31:26.016Z] [m31hih1m] Using existing Firebase instance

--------------------------------------------------------------------------------
[2025-06-07T10:31:26.931Z] [81h1c62i] Using existing Firebase instance

--------------------------------------------------------------------------------
[2025-06-07T10:31:38.936Z] [mfha7rgy] Using existing Firebase instance

--------------------------------------------------------------------------------
[2025-06-07T10:31:39.834Z] [5ikznss3] Using existing Firebase instance

--------------------------------------------------------------------------------
[2025-06-07T10:32:48.074Z] [xy72tjxc] Using existing Firebase instance

--------------------------------------------------------------------------------
[2025-06-07T10:32:49.103Z] [n4ozggjn] Using existing Firebase instance

--------------------------------------------------------------------------------
[2025-06-07T10:34:27.944Z] [b6xs8sbw] Using existing Firebase instance

--------------------------------------------------------------------------------
[2025-06-07T10:34:29.338Z] [w86pln5p] Using existing Firebase instance

--------------------------------------------------------------------------------
[2025-06-07T10:34:30.236Z] [fotxnior] Using existing Firebase instance

--------------------------------------------------------------------------------
[2025-06-07T10:34:31.143Z] [bcnpesh3] Using existing Firebase instance

--------------------------------------------------------------------------------
[2025-06-07T10:35:04.811Z] [fiahqyaa] Using existing Firebase instance

--------------------------------------------------------------------------------
[2025-06-07T10:35:05.740Z] [dsaa6mny] Using existing Firebase instance

--------------------------------------------------------------------------------
[2025-06-07T10:35:21.060Z] [05unmszs] Using existing Firebase instance

--------------------------------------------------------------------------------
[2025-06-07T10:35:21.972Z] [etytui9y] Using existing Firebase instance

--------------------------------------------------------------------------------
[2025-06-07T10:35:29.718Z] [np4btnl0] Using existing Firebase instance

--------------------------------------------------------------------------------
[2025-06-07T10:35:30.686Z] [utcx3qwi] Using existing Firebase instance

--------------------------------------------------------------------------------
[2025-06-07T10:36:13.642Z] [9vgzt73w] Using existing Firebase instance

--------------------------------------------------------------------------------
[2025-06-07T10:36:14.676Z] [ia96zc6q] Using existing Firebase instance

--------------------------------------------------------------------------------
[2025-06-07T10:36:23.515Z] [nh66pb8x] Using existing Firebase instance

--------------------------------------------------------------------------------
[2025-06-07T10:36:24.463Z] [cwf9kv8f] Using existing Firebase instance

--------------------------------------------------------------------------------
[2025-06-07T10:36:25.409Z] [0008iz4h] Using existing Firebase instance

--------------------------------------------------------------------------------
[2025-06-07T10:36:26.341Z] [7x17g664] Using existing Firebase instance

--------------------------------------------------------------------------------
[2025-06-07T10:36:42.068Z] [j6m2irju] Using existing Firebase instance

--------------------------------------------------------------------------------
[2025-06-07T10:36:46.185Z] [t86ouxlt] Using existing Firebase instance

--------------------------------------------------------------------------------
[2025-06-07T10:36:52.611Z] [0g9qzuby] Using existing Firebase instance

--------------------------------------------------------------------------------
[2025-06-07T10:36:53.588Z] [y2glldu0] Using existing Firebase instance

--------------------------------------------------------------------------------
[2025-06-07T10:36:54.548Z] [cra8fai2] Using existing Firebase instance

--------------------------------------------------------------------------------
[2025-06-07T10:36:59.582Z] [kn0ns7dj] Using existing Firebase instance

--------------------------------------------------------------------------------
[2025-06-07T10:37:00.555Z] [tsb086fc] Using existing Firebase instance

--------------------------------------------------------------------------------
[2025-06-07T10:37:01.465Z] [xn2017ol] Using existing Firebase instance

--------------------------------------------------------------------------------
[2025-06-07T10:37:02.500Z] [8kl7bkrp] Using existing Firebase instance

--------------------------------------------------------------------------------
[2025-06-07T10:37:14.906Z] [ejj9jckh] Using existing Firebase instance

--------------------------------------------------------------------------------
[2025-06-07T10:37:15.840Z] [gocxu8i6] Using existing Firebase instance

--------------------------------------------------------------------------------
[2025-06-07T10:37:16.789Z] [9aev7seu] Using existing Firebase instance

--------------------------------------------------------------------------------
[2025-06-07T10:37:17.735Z] [96vy7kog] Using existing Firebase instance

--------------------------------------------------------------------------------
[2025-06-07T10:37:30.703Z] [rd55blin] Using existing Firebase instance

--------------------------------------------------------------------------------
[2025-06-07T10:37:31.642Z] [mrobrray] Using existing Firebase instance

--------------------------------------------------------------------------------
[2025-06-07T10:37:32.548Z] [6ohfl8ma] Using existing Firebase instance

--------------------------------------------------------------------------------
[2025-06-07T10:37:33.456Z] [owablszw] Using existing Firebase instance

--------------------------------------------------------------------------------
[2025-06-07T10:37:47.625Z] [9htuqtdf] Using existing Firebase instance

--------------------------------------------------------------------------------
[2025-06-07T10:37:48.626Z] [xed7awkz] Using existing Firebase instance

--------------------------------------------------------------------------------
[2025-06-07T10:37:49.540Z] [bkjt9b5d] Using existing Firebase instance

--------------------------------------------------------------------------------
[2025-06-07T10:37:50.450Z] [qsne4621] Using existing Firebase instance

--------------------------------------------------------------------------------
[2025-06-07T10:37:59.965Z] [6nn4uv78] Using existing Firebase instance

--------------------------------------------------------------------------------
[2025-06-07T10:38:00.902Z] [t8mocl6c] Using existing Firebase instance

--------------------------------------------------------------------------------
[2025-06-07T10:38:01.818Z] [llhdffev] Using existing Firebase instance

--------------------------------------------------------------------------------
[2025-06-07T10:38:02.710Z] [xby44t6i] Using existing Firebase instance

--------------------------------------------------------------------------------
[2025-06-07T10:38:10.584Z] [wqeu4bak] Using existing Firebase instance

--------------------------------------------------------------------------------
[2025-06-07T10:38:11.531Z] [ct1fi0a4] Using existing Firebase instance

--------------------------------------------------------------------------------
[2025-06-07T10:38:12.445Z] [2u0e2o8n] Using existing Firebase instance

--------------------------------------------------------------------------------
[2025-06-07T10:38:13.434Z] [ewtqfjze] Using existing Firebase instance

--------------------------------------------------------------------------------
[2025-06-07T10:39:18.598Z] [598sfrw0] Using existing Firebase instance

--------------------------------------------------------------------------------
[2025-06-07T10:39:19.566Z] [db1fdekc] Using existing Firebase instance

--------------------------------------------------------------------------------
[2025-06-07T10:39:20.492Z] [wx4w28av] Using existing Firebase instance

--------------------------------------------------------------------------------
[2025-06-07T10:39:21.375Z] [s7rhmhfk] Using existing Firebase instance

--------------------------------------------------------------------------------
[2025-06-07T10:39:48.634Z] [hf7b1p9k] Using existing Firebase instance

--------------------------------------------------------------------------------
[2025-06-07T10:39:49.675Z] [wi3pujyq] Using existing Firebase instance

--------------------------------------------------------------------------------
[2025-06-07T10:40:16.418Z] [mavvspfv] Using existing Firebase instance

--------------------------------------------------------------------------------
[2025-06-07T10:40:17.387Z] [04g2lq05] Using existing Firebase instance

--------------------------------------------------------------------------------
[2025-06-07T10:40:18.273Z] [q6yozibz] Using existing Firebase instance

--------------------------------------------------------------------------------
[2025-06-07T10:40:19.206Z] [10nlitn1] Using existing Firebase instance

--------------------------------------------------------------------------------
[2025-06-07T10:43:24.593Z] [dm80dey2] Using existing Firebase instance

--------------------------------------------------------------------------------
[2025-06-07T10:43:25.590Z] [nvwode4o] Using existing Firebase instance

--------------------------------------------------------------------------------
[2025-06-07T10:43:26.521Z] [3t7rsfd7] Using existing Firebase instance

--------------------------------------------------------------------------------
[2025-06-07T10:43:27.490Z] [gx24jo1y] Using existing Firebase instance

--------------------------------------------------------------------------------
[2025-06-07T10:54:44.094Z] [wcsj2h5g] Using existing Firebase instance

--------------------------------------------------------------------------------
[2025-06-07T10:54:45.020Z] [haq8xqbp] Using existing Firebase instance

--------------------------------------------------------------------------------
[2025-06-07T10:54:45.904Z] [kcopkkgo] Using existing Firebase instance

--------------------------------------------------------------------------------
[2025-06-07T10:54:46.856Z] [g55ytx4g] Using existing Firebase instance

--------------------------------------------------------------------------------
[2025-06-07T11:09:28.303Z] [jvdbms1k] Initializing Firebase

--------------------------------------------------------------------------------
[2025-06-07T11:09:28.305Z] [jvdbms1k] Initializing Auth service

--------------------------------------------------------------------------------
[2025-06-07T11:09:28.306Z] [jvdbms1k] Initializing Firestore

--------------------------------------------------------------------------------
[2025-06-07T11:09:28.308Z] [jvdbms1k] Initializing Storage

--------------------------------------------------------------------------------
[2025-06-07T11:09:28.309Z] [jvdbms1k] Connecting to emulators

--------------------------------------------------------------------------------
[2025-06-07T11:09:28.311Z] [jvdbms1k] Connected to all emulators

--------------------------------------------------------------------------------
[2025-06-07T11:09:28.311Z] [jvdbms1k] Firebase initialized successfully

--------------------------------------------------------------------------------
[2025-06-07T11:09:28.548Z] [0xb1bk47] Using existing Firebase instance

--------------------------------------------------------------------------------
[2025-06-07T11:09:32.012Z] [3d4xlvys] Using existing Firebase instance

--------------------------------------------------------------------------------
[2025-06-07T11:09:38.430Z] [c13how6g] Using existing Firebase instance

--------------------------------------------------------------------------------
[2025-06-07T11:12:20.599Z] [xblgczlt] Using existing Firebase instance

--------------------------------------------------------------------------------
[2025-06-07T11:12:35.340Z] [nds2u4vq] Using existing Firebase instance

--------------------------------------------------------------------------------
[2025-06-07T11:12:41.656Z] [866kg3hw] Using existing Firebase instance

--------------------------------------------------------------------------------
[2025-06-07T11:12:41.776Z] [2ar6io3l] Using existing Firebase instance

--------------------------------------------------------------------------------
[2025-06-07T11:14:12.522Z] [dd16qisk] Using existing Firebase instance

--------------------------------------------------------------------------------
[2025-06-07T11:14:32.540Z] [26hf95dh] Using existing Firebase instance

--------------------------------------------------------------------------------
[2025-06-07T11:14:33.565Z] [ghgpxek8] Using existing Firebase instance

--------------------------------------------------------------------------------
[2025-06-07T11:14:33.662Z] [nwyuy0cb] Using existing Firebase instance

--------------------------------------------------------------------------------
[2025-06-07T11:16:00.470Z] [q9febacs] Using existing Firebase instance

--------------------------------------------------------------------------------
[2025-06-07T11:16:20.488Z] [gesh3zt7] Using existing Firebase instance

--------------------------------------------------------------------------------
[2025-06-07T11:16:21.235Z] [8puj3zx5] Using existing Firebase instance

--------------------------------------------------------------------------------
[2025-06-07T11:16:21.319Z] [r5d7leq6] Using existing Firebase instance

--------------------------------------------------------------------------------
[2025-06-07T11:18:32.080Z] [4jv3cou2] Initializing Firebase

--------------------------------------------------------------------------------
[2025-06-07T11:18:32.081Z] [4jv3cou2] Initializing Auth service

--------------------------------------------------------------------------------
[2025-06-07T11:18:32.084Z] [4jv3cou2] Initializing Firestore

--------------------------------------------------------------------------------
[2025-06-07T11:18:32.086Z] [4jv3cou2] Initializing Storage

--------------------------------------------------------------------------------
[2025-06-07T11:18:32.088Z] [4jv3cou2] Firebase initialized successfully

--------------------------------------------------------------------------------
[2025-06-07T11:18:33.250Z] [6mdt8tuu] Using existing Firebase instance

--------------------------------------------------------------------------------
[2025-06-07T11:42:44.496Z] [9dhuhdb4] Initializing Firebase

--------------------------------------------------------------------------------
[2025-06-07T11:42:44.499Z] [9dhuhdb4] Initializing Auth service

--------------------------------------------------------------------------------
[2025-06-07T11:42:44.501Z] [9dhuhdb4] Initializing Firestore

--------------------------------------------------------------------------------
[2025-06-07T11:42:44.503Z] [9dhuhdb4] Initializing Storage

--------------------------------------------------------------------------------
[2025-06-07T11:42:44.505Z] [9dhuhdb4] Connecting to emulators

--------------------------------------------------------------------------------
[2025-06-07T11:42:44.507Z] [9dhuhdb4] Connected to all emulators

--------------------------------------------------------------------------------
[2025-06-07T11:42:44.507Z] [9dhuhdb4] Firebase initialized successfully

--------------------------------------------------------------------------------
[2025-06-07T11:42:44.674Z] [ht8ofvx0] Using existing Firebase instance

--------------------------------------------------------------------------------
[2025-06-07T11:42:47.442Z] [bx7bqv66] Using existing Firebase instance

--------------------------------------------------------------------------------
[2025-06-07T11:42:51.056Z] [md7tg856] Using existing Firebase instance

--------------------------------------------------------------------------------
[2025-06-07T11:49:29.198Z] [tc80yx7o] Initializing Firebase

--------------------------------------------------------------------------------
[2025-06-07T11:49:29.201Z] [tc80yx7o] Initializing Auth service

--------------------------------------------------------------------------------
[2025-06-07T11:49:29.202Z] [tc80yx7o] Initializing Firestore

--------------------------------------------------------------------------------
[2025-06-07T11:49:29.203Z] ERROR ([tc80yx7o]): Firebase initialization failed: db.settings is not a function
Error: Firebase initialization failed: db.settings is not a function
    at initializeFirebase (C:\Users\rvimm\Documents\GitHub\next-portfolio\.next\server\chunks\[root-of-the-server]__96e73a17._.js:481:141)
    at GET (C:\Users\rvimm\Documents\GitHub\next-portfolio\.next\server\chunks\[root-of-the-server]__96e73a17._.js:529:187)

--------------------------------------------------------------------------------
[2025-06-07T11:49:29.385Z] [g022doru] Using existing Firebase instance

--------------------------------------------------------------------------------
[2025-06-07T11:49:30.473Z] [l515v242] Using existing Firebase instance

--------------------------------------------------------------------------------
[2025-06-07T11:49:31.405Z] [bjheegqt] Using existing Firebase instance

--------------------------------------------------------------------------------
[2025-06-07T11:49:43.380Z] [0br2l96s] Initializing Firebase

--------------------------------------------------------------------------------
[2025-06-07T11:49:43.381Z] [0br2l96s] Initializing Auth service

--------------------------------------------------------------------------------
[2025-06-07T11:49:43.382Z] [0br2l96s] Initializing Firestore

--------------------------------------------------------------------------------
[2025-06-07T11:49:43.383Z] [0br2l96s] Firestore initialized with settings:
Data: {
  "experimentalForceLongPolling": true,
  "ignoreUndefinedProperties": true
}

--------------------------------------------------------------------------------
[2025-06-07T11:49:43.383Z] [0br2l96s] Initializing Storage

--------------------------------------------------------------------------------
[2025-06-07T11:49:43.385Z] [0br2l96s] Firebase initialized successfully

--------------------------------------------------------------------------------
[2025-06-07T11:49:44.617Z] [dlluowab] Using existing Firebase instance

--------------------------------------------------------------------------------
[2025-06-07T11:49:45.451Z] [99c1uaf5] Using existing Firebase instance

--------------------------------------------------------------------------------
[2025-06-07T11:49:46.346Z] [5fdz24tq] Using existing Firebase instance

--------------------------------------------------------------------------------
[2025-06-07T11:50:00.851Z] [vrf4n2dg] Using existing Firebase instance

--------------------------------------------------------------------------------
[2025-06-07T11:50:01.924Z] [s9rqesse] Using existing Firebase instance

--------------------------------------------------------------------------------
[2025-06-07T11:50:02.777Z] [lm6j70w4] Using existing Firebase instance

--------------------------------------------------------------------------------
[2025-06-07T11:50:03.666Z] [5uqofe62] Using existing Firebase instance

--------------------------------------------------------------------------------
[2025-06-07T11:51:34.991Z] [bpdv9rfr] Initializing Firebase

--------------------------------------------------------------------------------
[2025-06-07T11:51:34.992Z] [bpdv9rfr] Initializing Auth service

--------------------------------------------------------------------------------
[2025-06-07T11:51:34.993Z] [bpdv9rfr] Initializing Firestore

--------------------------------------------------------------------------------
[2025-06-07T11:51:34.994Z] [bpdv9rfr] Firestore initialized with settings:
Data: {
  "experimentalForceLongPolling": true,
  "ignoreUndefinedProperties": true
}

--------------------------------------------------------------------------------
[2025-06-07T11:51:34.994Z] [bpdv9rfr] Initializing Storage

--------------------------------------------------------------------------------
[2025-06-07T11:51:34.995Z] [bpdv9rfr] Firebase initialized successfully

--------------------------------------------------------------------------------
[2025-06-07T11:51:36.100Z] [nhm9k5hv] Using existing Firebase instance

--------------------------------------------------------------------------------
[2025-06-07T11:53:19.965Z] [comt89sl] Initializing Firebase

--------------------------------------------------------------------------------
[2025-06-07T11:53:19.966Z] [comt89sl] Initializing Auth service

--------------------------------------------------------------------------------
[2025-06-07T11:53:19.968Z] [comt89sl] Initializing Firestore

--------------------------------------------------------------------------------
[2025-06-07T11:53:19.969Z] [comt89sl] Firestore initialized with settings:
Data: {
  "experimentalForceLongPolling": true,
  "ignoreUndefinedProperties": true
}

--------------------------------------------------------------------------------
[2025-06-07T11:53:19.970Z] [comt89sl] Initializing Storage

--------------------------------------------------------------------------------
[2025-06-07T11:53:19.971Z] [comt89sl] Firebase initialized successfully

--------------------------------------------------------------------------------
[2025-06-07T11:53:21.126Z] [kbz96c00] Using existing Firebase instance

--------------------------------------------------------------------------------
